<?xml version="1.0" encoding="UTF-8"?>
<!-- Generated by org.testng.reporters.JUnitReportReporter -->
<testsuite skipped="0" hostname="Rajeshwar" name="firsttestngpackage.FirstTestNgFile" tests="1" failures="0" timestamp="10 Nov 2018 17:59:19 GMT" time="0.027" errors="0">
  <testcase name="verifyHomepageTitle" time="0.027" classname="firsttestngpackage.FirstTestNgFile"/>
</testsuite> <!-- firsttestngpackage.FirstTestNgFile -->
