<?xml version="1.0" encoding="UTF-8"?>
<!-- Generated by org.testng.reporters.JUnitReportReporter -->
<testsuite skipped="0" hostname="Rajeshwar" name="TestNgDemo" tests="6" failures="0" timestamp="23 Nov 2018 05:44:24 GMT" time="0.066" errors="0">
  <testcase name="testA" time="0.017" classname="TestNgDemo"/>
  <testcase name="testB" time="0.010" classname="TestNgDemo"/>
  <testcase name="testB" time="0.007" classname="TestNgDemo"/>
  <testcase name="testB" time="0.009" classname="TestNgDemo"/>
  <testcase name="testB" time="0.005" classname="TestNgDemo"/>
  <testcase name="testB" time="0.018" classname="TestNgDemo"/>
</testsuite> <!-- TestNgDemo -->
